   ▲ Next.js 15.4.1
   - Environments: .env

   Creating an optimized production build ...
Failed to compile.

./src/app/admin/results/page.jsx
Module not found: Can't resolve '@/components/data/mock-results'

https://nextjs.org/docs/messages/module-not-found

./src/app/admin/results/page.jsx
Module not found: Can't resolve '@/components/ui/card'

https://nextjs.org/docs/messages/module-not-found

./src/app/admin/results/page.jsx
Module not found: Can't resolve '@/components/ui/input'

https://nextjs.org/docs/messages/module-not-found

./src/app/admin/tests/create/page.jsx
Module not found: Can't resolve '@/components/data/mock-quizzes'

https://nextjs.org/docs/messages/module-not-found

./src/app/admin/tests/create/page.jsx
Module not found: Can't resolve '@/components/ui/card'

https://nextjs.org/docs/messages/module-not-found


> Build failed because of webpack errors
